<?xml version="1.0" encoding="UTF-8"?>
<testsuite name="com.mobiquity.packer.ConfigurationParserTest" tests="1" skipped="0" failures="0" errors="0" timestamp="2021-12-19T19:17:10" hostname="Vineets-MacBook-Pro.local" time="0.037">
  <properties/>
  <testcase name="testConfigurationParser" classname="com.mobiquity.packer.ConfigurationParserTest" time="0.037"/>
  <system-out><![CDATA[]]></system-out>
  <system-err><![CDATA[]]></system-err>
</testsuite>
