<?xml version="1.0" encoding="UTF-8"?>
<testsuite name="com.mobiquity.packer.PackerTest" tests="2" skipped="0" failures="0" errors="0" timestamp="2021-12-19T19:17:11" hostname="Vineets-MacBook-Pro.local" time="0.026">
  <properties/>
  <testcase name="testResources" classname="com.mobiquity.packer.PackerTest" time="0.015"/>
  <testcase name="testPacker" classname="com.mobiquity.packer.PackerTest" time="0.011"/>
  <system-out><![CDATA[]]></system-out>
  <system-err><![CDATA[]]></system-err>
</testsuite>
